0 info it worked if it ends with ok
1 verbose cli [ '/home/nazar/.nvm/versions/node/v4.4.2/bin/node',
1 verbose cli   '/home/nazar/.nvm/versions/node/v4.4.2/bin/npm',
1 verbose cli   'start' ]
2 info using npm@3.10.5
3 info using node@v4.4.2
4 verbose run-script [ 'prestart', 'start', 'poststart' ]
5 info lifecycle redux_ru@1.0.0~prestart: redux_ru@1.0.0
6 silly lifecycle redux_ru@1.0.0~prestart: no script for prestart, continuing
7 info lifecycle redux_ru@1.0.0~start: redux_ru@1.0.0
8 verbose lifecycle redux_ru@1.0.0~start: unsafe-perm in lifecycle true
9 verbose lifecycle redux_ru@1.0.0~start: PATH: /home/nazar/.nvm/versions/node/v4.4.2/lib/node_modules/npm/bin/node-gyp-bin:/home/nazar/study/redux/redux_example/node_modules/.bin:/home/nazar/.nvm/versions/node/v4.4.2/bin:/home/nazar/.nvm/versions/node/v4.4.2/bin:/usr/local/heroku/bin:/home/nazar/.rvm/gems/ruby-2.3.1/bin:/home/nazar/.rvm/gems/ruby-2.3.1@global/bin:/home/nazar/.rvm/rubies/ruby-2.3.1/bin:/usr/local/sbin:/usr/local/bin:/usr/sbin:/usr/bin:/sbin:/bin:/usr/games:/usr/local/games:/home/nazar/.rvm/bin:/home/nazar/.rvm/bin:/home/nazar/.rvm/bin
10 verbose lifecycle redux_ru@1.0.0~start: CWD: /home/nazar/study/redux/redux_example
11 silly lifecycle redux_ru@1.0.0~start: Args: [ '-c', 'node server.js' ]
12 silly lifecycle redux_ru@1.0.0~start: Returned: code: 1  signal: null
13 info lifecycle redux_ru@1.0.0~start: Failed to exec start script
14 verbose stack Error: redux_ru@1.0.0 start: `node server.js`
14 verbose stack Exit status 1
14 verbose stack     at EventEmitter.<anonymous> (/home/nazar/.nvm/versions/node/v4.4.2/lib/node_modules/npm/lib/utils/lifecycle.js:242:16)
14 verbose stack     at emitTwo (events.js:87:13)
14 verbose stack     at EventEmitter.emit (events.js:172:7)
14 verbose stack     at ChildProcess.<anonymous> (/home/nazar/.nvm/versions/node/v4.4.2/lib/node_modules/npm/lib/utils/spawn.js:40:14)
14 verbose stack     at emitTwo (events.js:87:13)
14 verbose stack     at ChildProcess.emit (events.js:172:7)
14 verbose stack     at maybeClose (internal/child_process.js:827:16)
14 verbose stack     at Process.ChildProcess._handle.onexit (internal/child_process.js:211:5)
15 verbose pkgid redux_ru@1.0.0
16 verbose cwd /home/nazar/study/redux/redux_example
17 error Linux 4.2.0-36-generic
18 error argv "/home/nazar/.nvm/versions/node/v4.4.2/bin/node" "/home/nazar/.nvm/versions/node/v4.4.2/bin/npm" "start"
19 error node v4.4.2
20 error npm  v3.10.5
21 error code ELIFECYCLE
22 error redux_ru@1.0.0 start: `node server.js`
22 error Exit status 1
23 error Failed at the redux_ru@1.0.0 start script 'node server.js'.
23 error Make sure you have the latest version of node.js and npm installed.
23 error If you do, this is most likely a problem with the redux_ru package,
23 error not with npm itself.
23 error Tell the author that this fails on your system:
23 error     node server.js
23 error You can get information on how to open an issue for this project with:
23 error     npm bugs redux_ru
23 error Or if that isn't available, you can get their info via:
23 error     npm owner ls redux_ru
23 error There is likely additional logging output above.
24 verbose exit [ 1, true ]
